Script started at Mon Jul  8 10:59:09 AM IST 2024
Completed run at Mon Jul  8 11:19:02 AM IST 2024
Successfully completed for language: hindi
Time taken for hindi: 19.89 minutes
Completed run at Mon Jul  8 11:39:26 AM IST 2024
Successfully completed for language: gujarati
Time taken for gujarati: 20.39 minutes
Completed run at Mon Jul  8 12:02:26 PM IST 2024
Successfully completed for language: marathi
Time taken for marathi: 23.00 minutes
Completed run at Mon Jul  8 12:26:12 PM IST 2024
Successfully completed for language: bengali
Time taken for bengali: 23.77 minutes
Completed run at Mon Jul  8 12:54:17 PM IST 2024
Successfully completed for language: tamil
Time taken for tamil: 28.08 minutes
Completed run at Mon Jul  8 01:17:31 PM IST 2024
Successfully completed for language: telugu
Time taken for telugu: 23.23 minutes
Completed run at Mon Jul  8 01:39:23 PM IST 2024
Successfully completed for language: kannada
Time taken for kannada: 21.87 minutes
Completed run at Mon Jul  8 02:04:10 PM IST 2024
Successfully completed for language: malayalam
Time taken for malayalam: 24.79 minutes
Completed run at Mon Jul  8 02:04:10 PM IST 2024
