Script started at Tue Jul 23 07:24:15 PM IST 2024
Completed run at Tue Jul 23 07:36:05 PM IST 2024
Successfully completed for language: hindi
Time taken for hindi: 11.82 minutes
Completed run at Tue Jul 23 08:40:11 PM IST 2024
Successfully completed for language: gujarati
Time taken for gujarati: 64.10 minutes
Completed run at Tue Jul 23 09:13:13 PM IST 2024
Successfully completed for language: marathi
Time taken for marathi: 33.05 minutes
Completed run at Tue Jul 23 10:01:15 PM IST 2024
Successfully completed for language: bengali
Time taken for bengali: 48.02 minutes
Completed run at Tue Jul 23 10:19:08 PM IST 2024
Successfully completed for language: tamil
Time taken for tamil: 17.89 minutes
Completed run at Tue Jul 23 10:46:33 PM IST 2024
Successfully completed for language: telugu
Time taken for telugu: 27.42 minutes
Completed run at Tue Jul 23 11:26:21 PM IST 2024
Successfully completed for language: kannada
Time taken for kannada: 39.80 minutes
Completed run at Wed Jul 24 12:30:25 AM IST 2024
Successfully completed for language: malayalam
Time taken for malayalam: 64.06 minutes
Completed run at Wed Jul 24 12:30:25 AM IST 2024
