Script started at Fri Jul  5 02:14:27 PM IST 2024
Completed run at Fri Jul  5 02:40:59 PM IST 2024
Successfully completed for language: hindi
Time taken for hindi: 26.55 minutes
Completed run at Fri Jul  5 03:44:18 PM IST 2024
Successfully completed for language: gujarati
Time taken for gujarati: 63.31 minutes
Completed run at Fri Jul  5 04:14:57 PM IST 2024
Successfully completed for language: marathi
Time taken for marathi: 30.64 minutes
Completed run at Fri Jul  5 05:10:01 PM IST 2024
Successfully completed for language: bengali
Time taken for bengali: 55.07 minutes
Completed run at Fri Jul  5 05:39:32 PM IST 2024
Successfully completed for language: tamil
Time taken for tamil: 29.52 minutes
Completed run at Fri Jul  5 06:29:02 PM IST 2024
Successfully completed for language: telugu
Time taken for telugu: 49.50 minutes
Completed run at Fri Jul  5 07:11:31 PM IST 2024
Successfully completed for language: kannada
Time taken for kannada: 42.48 minutes
Completed run at Fri Jul  5 08:13:16 PM IST 2024
Successfully completed for language: malayalam
Time taken for malayalam: 61.76 minutes
Completed run at Fri Jul  5 08:13:16 PM IST 2024
