Script started at Fri Jul  5 09:33:12 PM IST 2024
Completed run at Fri Jul  5 09:53:17 PM IST 2024
Successfully completed for language: hindi
Time taken for hindi: 20.09 minutes
Completed run at Fri Jul  5 10:13:38 PM IST 2024
Successfully completed for language: gujarati
Time taken for gujarati: 20.35 minutes
Completed run at Fri Jul  5 10:36:41 PM IST 2024
Successfully completed for language: marathi
Time taken for marathi: 23.04 minutes
Completed run at Fri Jul  5 11:00:26 PM IST 2024
Successfully completed for language: bengali
Time taken for bengali: 23.76 minutes
Completed run at Fri Jul  5 11:28:40 PM IST 2024
Successfully completed for language: tamil
Time taken for tamil: 28.23 minutes
Completed run at Fri Jul  5 11:51:54 PM IST 2024
Successfully completed for language: telugu
Time taken for telugu: 23.24 minutes
Completed run at Sat Jul  6 12:13:49 AM IST 2024
Successfully completed for language: kannada
Time taken for kannada: 21.91 minutes
Completed run at Sat Jul  6 12:38:51 AM IST 2024
Successfully completed for language: malayalam
Time taken for malayalam: 25.03 minutes
Completed run at Sat Jul  6 12:38:51 AM IST 2024
