Script started at Mon Jun 10 02:38:46 PM IST 2024
Completed run at Mon Jun 10 03:06:42 PM IST 2024
Successfully completed for language: hindi
Time taken for hindi: 27.94 minutes
Completed run at Mon Jun 10 04:13:21 PM IST 2024
Successfully completed for language: gujarati
Time taken for gujarati: 66.65 minutes
Completed run at Mon Jun 10 04:45:17 PM IST 2024
Successfully completed for language: marathi
Time taken for marathi: 31.93 minutes
Completed run at Mon Jun 10 05:41:23 PM IST 2024
Successfully completed for language: bengali
Time taken for bengali: 56.11 minutes
Completed run at Mon Jun 10 06:12:14 PM IST 2024
Successfully completed for language: tamil
Time taken for tamil: 30.84 minutes
Completed run at Mon Jun 10 07:02:31 PM IST 2024
Successfully completed for language: telugu
Time taken for telugu: 50.29 minutes
Completed run at Mon Jun 10 07:45:21 PM IST 2024
Successfully completed for language: kannada
Time taken for kannada: 42.83 minutes
Completed run at Mon Jun 10 08:45:58 PM IST 2024
Successfully completed for language: malayalam
Time taken for malayalam: 60.61 minutes
Completed run at Mon Jun 10 08:45:58 PM IST 2024
