Script started at Sat Jul 20 10:44:06 AM IST 2024
Completed run at Sat Jul 20 10:55:56 AM IST 2024
Successfully completed for language: hindi
Time taken for hindi: 11.82 minutes
Completed run at Sat Jul 20 11:59:42 AM IST 2024
Successfully completed for language: gujarati
Time taken for gujarati: 63.78 minutes
Completed run at Sat Jul 20 12:32:27 PM IST 2024
Successfully completed for language: marathi
Time taken for marathi: 32.74 minutes
Completed run at Sat Jul 20 01:20:21 PM IST 2024
Successfully completed for language: bengali
Time taken for bengali: 47.91 minutes
Completed run at Sat Jul 20 01:38:11 PM IST 2024
Successfully completed for language: tamil
Time taken for tamil: 17.82 minutes
Completed run at Sat Jul 20 02:01:53 PM IST 2024
Successfully completed for language: telugu
Time taken for telugu: 23.71 minutes
Completed run at Sat Jul 20 02:41:34 PM IST 2024
Successfully completed for language: kannada
Time taken for kannada: 39.69 minutes
Completed run at Sat Jul 20 03:45:40 PM IST 2024
Successfully completed for language: malayalam
Time taken for malayalam: 64.09 minutes
Completed run at Sat Jul 20 03:45:40 PM IST 2024
