Script started at Sat Jul 20 05:42:33 PM IST 2024
Completed run at Sat Jul 20 05:54:19 PM IST 2024
Successfully completed for language: hindi
Time taken for hindi: 11.76 minutes
Completed run at Sat Jul 20 06:58:17 PM IST 2024
Successfully completed for language: gujarati
Time taken for gujarati: 63.97 minutes
Completed run at Sat Jul 20 07:32:42 PM IST 2024
Successfully completed for language: marathi
Time taken for marathi: 34.43 minutes
Completed run at Sat Jul 20 08:20:44 PM IST 2024
Successfully completed for language: bengali
Time taken for bengali: 48.03 minutes
Completed run at Sat Jul 20 08:38:29 PM IST 2024
Successfully completed for language: tamil
Time taken for tamil: 17.74 minutes
Completed run at Sat Jul 20 09:02:21 PM IST 2024
Successfully completed for language: telugu
Time taken for telugu: 23.87 minutes
Completed run at Sat Jul 20 09:42:04 PM IST 2024
Successfully completed for language: kannada
Time taken for kannada: 39.72 minutes
Completed run at Sat Jul 20 10:46:05 PM IST 2024
Successfully completed for language: malayalam
Time taken for malayalam: 64.02 minutes
Completed run at Sat Jul 20 10:46:05 PM IST 2024
