Script started at Wed Jul  3 02:58:59 PM IST 2024
Completed run at Wed Jul  3 03:25:36 PM IST 2024
Successfully completed for language: hindi
Time taken for hindi: 26.61 minutes
Completed run at Wed Jul  3 04:28:53 PM IST 2024
Successfully completed for language: gujarati
Time taken for gujarati: 63.29 minutes
Completed run at Wed Jul  3 04:59:42 PM IST 2024
Successfully completed for language: marathi
Time taken for marathi: 30.81 minutes
Completed run at Wed Jul  3 05:54:45 PM IST 2024
Successfully completed for language: bengali
Time taken for bengali: 55.05 minutes
Completed run at Wed Jul  3 06:24:18 PM IST 2024
Successfully completed for language: tamil
Time taken for tamil: 29.55 minutes
Completed run at Wed Jul  3 07:13:54 PM IST 2024
Successfully completed for language: telugu
Time taken for telugu: 49.60 minutes
Completed run at Wed Jul  3 07:56:21 PM IST 2024
Successfully completed for language: kannada
Time taken for kannada: 42.46 minutes
Completed run at Wed Jul  3 08:57:50 PM IST 2024
Successfully completed for language: malayalam
Time taken for malayalam: 61.48 minutes
Completed run at Wed Jul  3 08:57:50 PM IST 2024
