Script started at Mon Jul 22 05:50:37 PM IST 2024
Completed run at Mon Jul 22 06:02:26 PM IST 2024
Successfully completed for language: hindi
Time taken for hindi: 11.83 minutes
Completed run at Mon Jul 22 07:06:21 PM IST 2024
Successfully completed for language: gujarati
Time taken for gujarati: 63.91 minutes
Completed run at Mon Jul 22 07:39:24 PM IST 2024
Successfully completed for language: marathi
Time taken for marathi: 33.06 minutes
Completed run at Mon Jul 22 08:27:29 PM IST 2024
Successfully completed for language: bengali
Time taken for bengali: 48.08 minutes
Completed run at Mon Jul 22 08:46:30 PM IST 2024
Successfully completed for language: tamil
Time taken for tamil: 19.01 minutes
Completed run at Mon Jul 22 09:10:30 PM IST 2024
Successfully completed for language: telugu
Time taken for telugu: 24.00 minutes
Completed run at Mon Jul 22 09:50:11 PM IST 2024
Successfully completed for language: kannada
Time taken for kannada: 39.69 minutes
Completed run at Mon Jul 22 10:54:13 PM IST 2024
Successfully completed for language: malayalam
Time taken for malayalam: 64.04 minutes
Completed run at Mon Jul 22 10:54:13 PM IST 2024
